03:14:38: Creating resource group General
03:14:38: Creating resource group Internal
03:14:38: Creating resource group Autodetect
03:14:38: SceneManagerFactory for type 'DefaultSceneManager' registered.
03:14:38: Registering ResourceManager for type Material
03:14:38: Registering ResourceManager for type Mesh
03:14:38: Registering ResourceManager for type Skeleton
03:14:38: MovableObjectFactory for type 'ParticleSystem' registered.
03:14:39: OverlayElementFactory for type Panel registered.
03:14:39: OverlayElementFactory for type BorderPanel registered.
03:14:39: OverlayElementFactory for type TextArea registered.
03:14:39: Registering ResourceManager for type Font
03:14:39: ArchiveFactory for archive type FileSystem registered.
03:14:39: ArchiveFactory for archive type Zip registered.
03:14:39: ArchiveFactory for archive type EmbeddedZip registered.
03:14:39: DDS codec registering
03:14:39: FreeImage version: 3.15.3
03:14:39: This program uses FreeImage, a free, open source image library supporting all common bitmap formats. See http://freeimage.sourceforge.net for details
03:14:39: Supported formats: bmp,ico,jpg,jif,jpeg,jpe,jng,koa,iff,lbm,mng,pbm,pbm,pcd,pcx,pgm,pgm,png,ppm,ppm,ras,tga,targa,tif,tiff,wap,wbmp,wbm,psd,cut,xbm,xpm,gif,hdr,g3,sgi,exr,j2k,j2c,jp2,pfm,pct,pict,pic,3fr,arw,bay,bmq,cap,cine,cr2,crw,cs1,dc2,dcr,drf,dsc,dng,erf,fff,ia,iiq,k25,kc2,kdc,mdc,mef,mos,mrw,nef,nrw,orf,pef,ptx,pxn,qtk,raf,raw,rdc,rw2,rwl,rwz,sr2,srf,srw,sti
03:14:39: Registering ResourceManager for type HighLevelGpuProgram
03:14:39: Registering ResourceManager for type Compositor
03:14:39: MovableObjectFactory for type 'Entity' registered.
03:14:39: MovableObjectFactory for type 'Light' registered.
03:14:39: MovableObjectFactory for type 'BillboardSet' registered.
03:14:39: MovableObjectFactory for type 'ManualObject' registered.
03:14:39: MovableObjectFactory for type 'BillboardChain' registered.
03:14:39: MovableObjectFactory for type 'RibbonTrail' registered.
03:14:39: Loading library .\RenderSystem_Direct3D9_d
03:14:39: Installing plugin: D3D9 RenderSystem
03:14:39: D3D9 : Direct3D9 Rendering Subsystem created.
03:14:39: D3D9: Driver Detection Starts
03:14:39: D3D9: Driver Detection Ends
03:14:39: Plugin successfully installed
03:14:39: Loading library .\RenderSystem_GL_d
03:14:39: Installing plugin: GL RenderSystem
03:14:39: OpenGL Rendering Subsystem created.
03:14:39: Plugin successfully installed
03:14:39: Loading library .\Plugin_ParticleFX_d
03:14:39: Installing plugin: ParticleFX
03:14:39: Particle Emitter Type 'Point' registered
03:14:39: Particle Emitter Type 'Box' registered
03:14:39: Particle Emitter Type 'Ellipsoid' registered
03:14:39: Particle Emitter Type 'Cylinder' registered
03:14:39: Particle Emitter Type 'Ring' registered
03:14:39: Particle Emitter Type 'HollowEllipsoid' registered
03:14:39: Particle Affector Type 'LinearForce' registered
03:14:39: Particle Affector Type 'ColourFader' registered
03:14:39: Particle Affector Type 'ColourFader2' registered
03:14:39: Particle Affector Type 'ColourImage' registered
03:14:39: Particle Affector Type 'ColourInterpolator' registered
03:14:39: Particle Affector Type 'Scaler' registered
03:14:39: Particle Affector Type 'Rotator' registered
03:14:39: Particle Affector Type 'DirectionRandomiser' registered
03:14:39: Particle Affector Type 'DeflectorPlane' registered
03:14:39: Plugin successfully installed
03:14:39: Loading library .\Plugin_BSPSceneManager_d
03:14:39: Installing plugin: BSP Scene Manager
03:14:39: Plugin successfully installed
03:14:39: Loading library .\Plugin_CgProgramManager_d
03:14:39: Installing plugin: Cg Program Manager
03:14:39: Plugin successfully installed
03:14:39: Loading library .\Plugin_PCZSceneManager_d
03:14:39: Installing plugin: Portal Connected Zone Scene Manager
03:14:39: PCZone Factory Type 'ZoneType_Default' registered
03:14:39: Plugin successfully installed
03:14:39: Loading library .\Plugin_OctreeZone_d
03:14:40: Installing plugin: Octree Zone Factory
03:14:40: Plugin successfully installed
03:14:40: Loading library .\Plugin_OctreeSceneManager_d
03:14:40: Installing plugin: Octree Scene Manager
03:14:40: Plugin successfully installed
03:14:40: *-*-* OGRE Initialising
03:14:40: *-*-* Version 1.8.1 (Byatis)
03:14:40: Creating resource group Essential
03:14:40: Added resource location '../resources/media/thumbnails' of type 'FileSystem' to resource group 'Essential'
03:14:40: Added resource location '../resources/media/packs/SdkTrays.zip' of type 'Zip' to resource group 'Essential'
03:14:40: Added resource location '../resources/media/packs/profiler.zip' of type 'Zip' to resource group 'Essential'
03:14:40: Added resource location '../resources/media' of type 'FileSystem' to resource group 'General'
03:14:40: Creating resource group Popular
03:14:40: Added resource location '../resources/media/fonts' of type 'FileSystem' to resource group 'Popular'
03:14:40: Added resource location '../resources/models' of type 'FileSystem' to resource group 'Popular'
03:14:40: Added resource location '../resources/textures' of type 'FileSystem' to resource group 'Popular'
03:14:40: D3D9 : RenderSystem Option: Allow NVPerfHUD = No
03:14:40: D3D9 : RenderSystem Option: FSAA = 0
03:14:40: D3D9 : RenderSystem Option: Fixed Pipeline Enabled = Yes
03:14:40: D3D9 : RenderSystem Option: Floating-point mode = Fastest
03:14:40: D3D9 : RenderSystem Option: Full Screen = Yes
03:14:40: D3D9 : RenderSystem Option: Multi device memory hint = Use minimum system memory
03:14:40: D3D9 : RenderSystem Option: Rendering Device = Monitor-1-Intel(R) HD Graphics 4600
03:14:40: D3D9 : RenderSystem Option: Resource Creation Policy = Create on all devices
03:14:40: D3D9 : RenderSystem Option: Use Multihead = Auto
03:14:40: D3D9 : RenderSystem Option: VSync = No
03:14:40: D3D9 : RenderSystem Option: VSync Interval = 1
03:14:40: D3D9 : RenderSystem Option: Video Mode = 800 x 600 @ 32-bit colour
03:14:40: D3D9 : RenderSystem Option: sRGB Gamma Conversion = No
03:14:40: CPU Identifier & Features
03:14:40: -------------------------
03:14:40:  *   CPU ID: GenuineIntel: Intel(R) Core(TM) i5-4210U CPU @ 1.70GHz
03:14:40:  *      SSE: yes
03:14:40:  *     SSE2: yes
03:14:40:  *     SSE3: yes
03:14:40:  *      MMX: yes
03:14:40:  *   MMXEXT: yes
03:14:40:  *    3DNOW: no
03:14:40:  * 3DNOWEXT: no
03:14:40:  *     CMOV: yes
03:14:40:  *      TSC: yes
03:14:40:  *      FPU: yes
03:14:40:  *      PRO: yes
03:14:40:  *       HT: no
03:14:40: -------------------------
03:14:40: *** Starting Win32GL Subsystem ***
03:14:40: Registering ResourceManager for type Texture
03:14:40: GLRenderSystem::_createRenderWindow "AABSApplication Render Window", 1024x768 windowed  miscParams: FSAA=0 FSAAHint= colourDepth=32 displayFrequency=0 gamma=false vsync=false vsyncInterval=1 
03:14:40: Created Win32Window 'AABSApplication Render Window' : 1040x728, 32bpp
03:14:40: GL_VERSION = 4.2.0 - Build 10.18.10.3355
03:14:40: GL_VENDOR = Intel
03:14:40: GL_RENDERER = Intel(R) HD Graphics 4400
03:14:40: GL_EXTENSIONS = GL_EXT_blend_minmax GL_EXT_blend_subtract GL_EXT_blend_color GL_EXT_abgr GL_EXT_texture3D GL_EXT_clip_volume_hint GL_EXT_compiled_vertex_array GL_SGIS_texture_edge_clamp GL_SGIS_generate_mipmap GL_EXT_draw_range_elements GL_SGIS_texture_lod GL_EXT_rescale_normal GL_EXT_packed_pixels GL_EXT_texture_edge_clamp GL_EXT_separate_specular_color GL_ARB_multitexture GL_ARB_map_buffer_alignment GL_ARB_conservative_depth GL_EXT_texture_env_combine GL_EXT_bgra GL_EXT_blend_func_separate GL_EXT_secondary_color GL_EXT_fog_coord GL_EXT_texture_env_add GL_ARB_texture_cube_map GL_ARB_transpose_matrix GL_ARB_internalformat_query GL_ARB_internalformat_query2 GL_ARB_texture_env_add GL_IBM_texture_mirrored_repeat GL_EXT_multi_draw_arrays GL_SUN_multi_draw_arrays GL_NV_blend_square GL_ARB_texture_compression GL_3DFX_texture_compression_FXT1 GL_EXT_texture_filter_anisotropic GL_ARB_texture_border_clamp GL_ARB_point_parameters GL_ARB_texture_env_combine GL_ARB_texture_env_dot3 GL_ARB_texture_env_crossbar GL_EXT_texture_compression_s3tc GL_ARB_shadow GL_ARB_window_pos GL_EXT_shadow_funcs GL_EXT_stencil_wrap GL_ARB_vertex_program GL_EXT_texture_rectangle GL_ARB_fragment_program GL_EXT_stencil_two_side GL_ATI_separate_stencil GL_ARB_vertex_buffer_object GL_EXT_texture_lod_bias GL_ARB_occlusion_query GL_ARB_fragment_shader GL_ARB_shader_objects GL_ARB_shading_language_100 GL_ARB_texture_non_power_of_two GL_ARB_vertex_shader GL_NV_texgen_reflection GL_ARB_point_sprite GL_ARB_fragment_program_shadow GL_EXT_blend_equation_separate GL_ARB_depth_texture GL_ARB_texture_rectangle GL_ARB_draw_buffers GL_ARB_color_buffer_float GL_ARB_half_float_pixel GL_ARB_texture_float GL_ARB_pixel_buffer_object GL_EXT_framebuffer_object GL_ARB_draw_instanced GL_ARB_half_float_vertex GL_ARB_occlusion_query2 GL_EXT_draw_buffers2 GL_WIN_swap_hint GL_EXT_texture_sRGB GL_ARB_multisample GL_EXT_packed_float GL_EXT_texture_shared_exponent GL_ARB_texture_rg GL_ARB_texture_compression_rgtc GL_NV_conditional_render GL_ARB_texture_swizzle GL_EXT_texture_swizzle GL_ARB_texture_gather GL_ARB_sync GL_ARB_framebuffer_sRGB GL_EXT_packed_depth_stencil GL_ARB_depth_buffer_float GL_EXT_transform_feedback GL_ARB_transform_feedback2 GL_ARB_draw_indirect GL_EXT_framebuffer_blit GL_EXT_framebuffer_multisample GL_ARB_framebuffer_object GL_EXT_texture_array GL_EXT_texture_integer GL_ARB_map_buffer_range GL_ARB_texture_buffer_range GL_EXT_texture_snorm GL_ARB_blend_func_extended GL_INTEL_performance_queries GL_ARB_copy_buffer GL_ARB_sampler_objects GL_NV_primitive_restart GL_ARB_seamless_cube_map GL_ARB_uniform_buffer_object GL_ARB_depth_clamp GL_ARB_vertex_array_bgra GL_ARB_shader_bit_encoding GL_ARB_draw_buffers_blend GL_ARB_geometry_shader4 GL_EXT_geometry_shader4 GL_ARB_texture_query_lod GL_ARB_explicit_attrib_location GL_ARB_draw_elements_base_vertex GL_ARB_instanced_arrays GL_ARB_base_instance GL_ARB_fragment_coord_conventions GL_EXT_gpu_program_parameters GL_ARB_texture_buffer_object_rgb32 GL_ARB_compatibility GL_ARB_texture_rgb10_a2ui GL_ARB_texture_multisample GL_ARB_vertex_type_2_10_10_10_rev GL_ARB_timer_query GL_ARB_tessellation_shader GL_ARB_vertex_array_object GL_ARB_provoking_vertex GL_ARB_sample_shading GL_ARB_texture_cube_map_array GL_EXT_gpu_shader4 GL_ARB_gpu_shader5 GL_ARB_gpu_shader_fp64 GL_INTEL_fragment_shader_ordering GL_ARB_shader_subroutine GL_ARB_transform_feedback3 GL_ARB_get_program_binary GL_ARB_separate_shader_objects GL_ARB_shader_precision GL_ARB_vertex_attrib_64bit GL_ARB_viewport_array GL_ARB_transform_feedback_instanced GL_ARB_compressed_texture_pixel_storage GL_ARB_shader_atomic_counters GL_ARB_shading_language_packing GL_ARB_shader_image_load_store GL_ARB_shading_language_420pack GL_ARB_texture_storage GL_EXT_texture_storage GL_ARB_compute_shader GL_ARB_multi_draw_indirect GL_ARB_program_interface_query GL_ARB_shader_storage_buffer_object GL_ARB_debug_output GL_KHR_debug GL_ARB_arrays_of_arrays GL_INTEL_map_texture GL_ARB_texture_compression_bptc GL_ARB_ES2_compatibility GL_ARB_robustness GL_EXT_texture_sRGB_decode 
03:14:40: Supported WGL extensions: WGL_EXT_depth_float WGL_ARB_buffer_region WGL_ARB_extensions_string WGL_ARB_make_current_read WGL_ARB_pixel_format WGL_ARB_pbuffer WGL_EXT_extensions_string WGL_EXT_swap_control WGL_EXT_swap_control_tear WGL_ARB_multisample WGL_ARB_pixel_format_float WGL_ARB_framebuffer_sRGB WGL_ARB_create_context WGL_ARB_create_context_profile WGL_EXT_pixel_format_packed_float WGL_EXT_create_context_es_profile WGL_EXT_create_context_es2_profile WGL_NV_DX_interop WGL_ARB_create_context_robustness 
03:14:40: ***************************
03:14:40: *** GL Renderer Started ***
03:14:40: ***************************
03:14:40: Registering ResourceManager for type GpuProgram
03:14:40: GLSL support detected
03:14:40: GL: Using GL_EXT_framebuffer_object for rendering to textures (best)
03:14:40: FBO PF_UNKNOWN depth/stencil support: D0S1 D0S4 D0S8 D0S16 D16S0 D16S1 D16S4 D16S8 D16S16 D24S0 D24S1 D24S4 D24S8 D24S16 D32S0 D32S1 D32S4 D32S8 D32S16 Packed-D24S8 
03:14:40: FBO PF_A8 depth/stencil support: D0S0 D0S1 D0S4 D0S8 D0S16 D16S0 D16S1 D16S4 D16S8 D16S16 D24S0 D24S1 D24S4 D24S8 D24S16 D32S0 D32S1 D32S4 D32S8 D32S16 Packed-D24S8 
03:14:40: FBO PF_R5G6B5 depth/stencil support: D0S0 D0S1 D0S4 D0S8 D0S16 D16S0 D16S1 D16S4 D16S8 D16S16 D24S0 D24S1 D24S4 D24S8 D24S16 D32S0 D32S1 D32S4 D32S8 D32S16 Packed-D24S8 
03:14:40: FBO PF_B5G6R5 depth/stencil support: D0S0 D0S1 D0S4 D0S8 D0S16 D16S0 D16S1 D16S4 D16S8 D16S16 D24S0 D24S1 D24S4 D24S8 D24S16 D32S0 D32S1 D32S4 D32S8 D32S16 Packed-D24S8 
03:14:40: FBO PF_A4R4G4B4 depth/stencil support: D0S0 D0S1 D0S4 D0S8 D0S16 D16S0 D16S1 D16S4 D16S8 D16S16 D24S0 D24S1 D24S4 D24S8 D24S16 D32S0 D32S1 D32S4 D32S8 D32S16 Packed-D24S8 
03:14:40: FBO PF_A1R5G5B5 depth/stencil support: D0S0 D0S1 D0S4 D0S8 D0S16 D16S0 D16S1 D16S4 D16S8 D16S16 D24S0 D24S1 D24S4 D24S8 D24S16 D32S0 D32S1 D32S4 D32S8 D32S16 Packed-D24S8 
03:14:40: FBO PF_R8G8B8 depth/stencil support: D0S0 D0S1 D0S4 D0S8 D0S16 D16S0 D16S1 D16S4 D16S8 D16S16 D24S0 D24S1 D24S4 D24S8 D24S16 D32S0 D32S1 D32S4 D32S8 D32S16 Packed-D24S8 
03:14:40: FBO PF_B8G8R8 depth/stencil support: D0S0 D0S1 D0S4 D0S8 D0S16 D16S0 D16S1 D16S4 D16S8 D16S16 D24S0 D24S1 D24S4 D24S8 D24S16 D32S0 D32S1 D32S4 D32S8 D32S16 Packed-D24S8 
03:14:40: FBO PF_A8R8G8B8 depth/stencil support: D0S0 D0S1 D0S4 D0S8 D0S16 D16S0 D16S1 D16S4 D16S8 D16S16 D24S0 D24S1 D24S4 D24S8 D24S16 D32S0 D32S1 D32S4 D32S8 D32S16 Packed-D24S8 
03:14:40: FBO PF_B8G8R8A8 depth/stencil support: D0S0 D0S1 D0S4 D0S8 D0S16 D16S0 D16S1 D16S4 D16S8 D16S16 D24S0 D24S1 D24S4 D24S8 D24S16 D32S0 D32S1 D32S4 D32S8 D32S16 Packed-D24S8 
03:14:40: FBO PF_A2R10G10B10 depth/stencil support: D0S0 D0S1 D0S4 D0S8 D0S16 D16S0 D16S1 D16S4 D16S8 D16S16 D24S0 D24S1 D24S4 D24S8 D24S16 D32S0 D32S1 D32S4 D32S8 D32S16 Packed-D24S8 
03:14:40: FBO PF_A2B10G10R10 depth/stencil support: D0S0 D0S1 D0S4 D0S8 D0S16 D16S0 D16S1 D16S4 D16S8 D16S16 D24S0 D24S1 D24S4 D24S8 D24S16 D32S0 D32S1 D32S4 D32S8 D32S16 Packed-D24S8 
03:14:40: FBO PF_FLOAT16_RGB depth/stencil support: D0S0 D0S1 D0S4 D0S8 D0S16 D16S0 D16S1 D16S4 D16S8 D16S16 D24S0 D24S1 D24S4 D24S8 D24S16 D32S0 D32S1 D32S4 D32S8 D32S16 Packed-D24S8 
03:14:40: FBO PF_FLOAT16_RGBA depth/stencil support: D0S0 D0S1 D0S4 D0S8 D0S16 D16S0 D16S1 D16S4 D16S8 D16S16 D24S0 D24S1 D24S4 D24S8 D24S16 D32S0 D32S1 D32S4 D32S8 D32S16 Packed-D24S8 
03:14:40: FBO PF_FLOAT32_RGB depth/stencil support: D0S0 D0S1 D0S4 D0S8 D0S16 D16S0 D16S1 D16S4 D16S8 D16S16 D24S0 D24S1 D24S4 D24S8 D24S16 D32S0 D32S1 D32S4 D32S8 D32S16 Packed-D24S8 
03:14:40: FBO PF_FLOAT32_RGBA depth/stencil support: D0S0 D0S1 D0S4 D0S8 D0S16 D16S0 D16S1 D16S4 D16S8 D16S16 D24S0 D24S1 D24S4 D24S8 D24S16 D32S0 D32S1 D32S4 D32S8 D32S16 Packed-D24S8 
03:14:40: FBO PF_X8R8G8B8 depth/stencil support: D0S0 D0S1 D0S4 D0S8 D0S16 D16S0 D16S1 D16S4 D16S8 D16S16 D24S0 D24S1 D24S4 D24S8 D24S16 D32S0 D32S1 D32S4 D32S8 D32S16 Packed-D24S8 
03:14:40: FBO PF_X8B8G8R8 depth/stencil support: D0S0 D0S1 D0S4 D0S8 D0S16 D16S0 D16S1 D16S4 D16S8 D16S16 D24S0 D24S1 D24S4 D24S8 D24S16 D32S0 D32S1 D32S4 D32S8 D32S16 Packed-D24S8 
03:14:40: FBO PF_SHORT_RGBA depth/stencil support: D0S0 D0S1 D0S4 D0S8 D0S16 D16S0 D16S1 D16S4 D16S8 D16S16 D24S0 D24S1 D24S4 D24S8 D24S16 D32S0 D32S1 D32S4 D32S8 D32S16 Packed-D24S8 
03:14:40: FBO PF_R3G3B2 depth/stencil support: D0S0 D0S1 D0S4 D0S8 D0S16 D16S0 D16S1 D16S4 D16S8 D16S16 D24S0 D24S1 D24S4 D24S8 D24S16 D32S0 D32S1 D32S4 D32S8 D32S16 Packed-D24S8 
03:14:40: FBO PF_SHORT_RGB depth/stencil support: D0S0 D0S1 D0S4 D0S8 D0S16 D16S0 D16S1 D16S4 D16S8 D16S16 D24S0 D24S1 D24S4 D24S8 D24S16 D32S0 D32S1 D32S4 D32S8 D32S16 Packed-D24S8 
03:14:40: [GL] : Valid FBO targets PF_UNKNOWN PF_A8 PF_R5G6B5 PF_B5G6R5 PF_A4R4G4B4 PF_A1R5G5B5 PF_R8G8B8 PF_B8G8R8 PF_A8R8G8B8 PF_B8G8R8A8 PF_A2R10G10B10 PF_A2B10G10R10 PF_FLOAT16_RGB PF_FLOAT16_RGBA PF_FLOAT32_RGB PF_FLOAT32_RGBA PF_X8R8G8B8 PF_X8B8G8R8 PF_SHORT_RGBA PF_R3G3B2 PF_SHORT_RGB 
03:14:40: RenderSystem capabilities
03:14:40: -------------------------
03:14:40: RenderSystem Name: OpenGL Rendering Subsystem
03:14:40: GPU Vendor: intel
03:14:40: Device Name: Intel(R) HD Graphics 4400
03:14:40: Driver Version: 4.2.0.0
03:14:40:  * Fixed function pipeline: yes
03:14:40:  * Hardware generation of mipmaps: no
03:14:40:  * Texture blending: yes
03:14:40:  * Anisotropic texture filtering: yes
03:14:40:  * Dot product texture operation: yes
03:14:40:  * Cube mapping: yes
03:14:40:  * Hardware stencil buffer: yes
03:14:40:    - Stencil depth: 8
03:14:40:    - Two sided stencil support: yes
03:14:40:    - Wrap stencil values: yes
03:14:40:  * Hardware vertex / index buffers: yes
03:14:40:  * Vertex programs: yes
03:14:40:  * Number of floating-point constants for vertex programs: 256
03:14:40:  * Number of integer constants for vertex programs: 0
03:14:40:  * Number of boolean constants for vertex programs: 0
03:14:40:  * Fragment programs: yes
03:14:40:  * Number of floating-point constants for fragment programs: 256
03:14:40:  * Number of integer constants for fragment programs: 0
03:14:40:  * Number of boolean constants for fragment programs: 0
03:14:40:  * Geometry programs: yes
03:14:40:  * Number of floating-point constants for geometry programs: 4096
03:14:40:  * Number of integer constants for geometry programs: 0
03:14:40:  * Number of boolean constants for geometry programs: 0
03:14:40:  * Supported Shader Profiles: arbfp1 arbvp1 glsl gp4gp gpu_gp nvgp4
03:14:40:  * Texture Compression: yes
03:14:40:    - DXT: yes
03:14:40:    - VTC: no
03:14:40:    - PVRTC: no
03:14:40:  * Scissor Rectangle: yes
03:14:40:  * Hardware Occlusion Query: yes
03:14:40:  * User clip planes: yes
03:14:40:  * VET_UBYTE4 vertex element type: yes
03:14:40:  * Infinite far plane projection: yes
03:14:40:  * Hardware render-to-texture: yes
03:14:40:  * Floating point textures: yes
03:14:40:  * Non-power-of-two textures: yes
03:14:40:  * Volume textures: yes
03:14:40:  * Multiple Render Targets: 8
03:14:41:    - With different bit depths: yes
03:14:41:  * Point Sprites: yes
03:14:41:  * Extended point parameters: yes
03:14:41:  * Max Point Size: 255
03:14:41:  * Vertex texture fetch: yes
03:14:41:  * Number of world matrices: 0
03:14:41:  * Number of texture units: 16
03:14:41:  * Stencil buffer depth: 8
03:14:41:  * Number of vertex blend matrices: 0
03:14:41:    - Max vertex textures: 16
03:14:41:    - Vertex textures shared: yes
03:14:41:  * Render to Vertex Buffer : no
03:14:41:  * GL 1.5 without VBO workaround: no
03:14:41:  * Frame Buffer objects: yes
03:14:41:  * Frame Buffer objects (ARB extension): no
03:14:41:  * Frame Buffer objects (ATI extension): no
03:14:41:  * PBuffer support: yes
03:14:41:  * GL 1.5 without HW-occlusion workaround: no
03:14:41:  * Separate shader objects: no
03:14:41: DefaultWorkQueue('Root') initialising on thread 00EFAE48.
03:14:41: DefaultWorkQueue('Root')::WorkerFunc - thread 064F0F80 starting.
03:14:41: DefaultWorkQueue('Root')::WorkerFunc - thread 064F0CE0 starting.
03:14:41: DefaultWorkQueue('Root')::WorkerFunc - thread 064F1010 starting.
03:14:41: DefaultWorkQueue('Root')::WorkerFunc - thread 064F0E60 starting.
03:14:41: Particle Renderer Type 'billboard' registered
03:14:41: SceneManagerFactory for type 'BspSceneManager' registered.
03:14:41: Registering ResourceManager for type BspLevel
03:14:41: SceneManagerFactory for type 'PCZSceneManager' registered.
03:14:41: MovableObjectFactory for type 'PCZLight' registered.
03:14:41: MovableObjectFactory for type 'Portal' registered.
03:14:41: MovableObjectFactory for type 'AntiPortal' registered.
03:14:41: PCZone Factory Type 'ZoneType_Octree' registered
03:14:41: SceneManagerFactory for type 'OctreeSceneManager' registered.
03:14:41: Parsing scripts for resource group Autodetect
03:14:41: Finished parsing scripts for resource group Autodetect
03:14:41: Creating resources for group Autodetect
03:14:41: All done
03:14:41: Parsing scripts for resource group Essential
03:14:41: Parsing script SdkTrays.material
03:14:41: Parsing script OgreProfiler.material
03:14:41: Parsing script SdkTrays.fontdef
03:14:41: Parsing script SdkTrays.overlay
03:14:41: Texture: sdk_cursor.png: Loading 1 faces(PF_A8R8G8B8,32x32x1) with 5 generated mipmaps from Image. Internal format is PF_A8R8G8B8,32x32x1.
03:14:41: Texture: sdk_tray.png: Loading 1 faces(PF_A8R8G8B8,64x64x1) with 5 generated mipmaps from Image. Internal format is PF_A8R8G8B8,64x64x1.
03:14:41: Texture: sdk_button_up.png: Loading 1 faces(PF_A8R8G8B8,128x32x1) with 5 generated mipmaps from Image. Internal format is PF_A8R8G8B8,128x32x1.
03:14:41: Texture: sdk_text_box.png: Loading 1 faces(PF_A8R8G8B8,32x32x1) with 5 generated mipmaps from Image. Internal format is PF_A8R8G8B8,32x32x1.
03:14:41: Texture: sdk_mini_tray.png: Loading 1 faces(PF_A8R8G8B8,32x32x1) with 5 generated mipmaps from Image. Internal format is PF_A8R8G8B8,32x32x1.
03:14:41: Texture: sdk_track.png: Loading 1 faces(PF_A8R8G8B8,16x32x1) with 5 generated mipmaps from Image. Internal format is PF_A8R8G8B8,16x32x1.
03:14:41: Texture: sdk_handle.png: Loading 1 faces(PF_A8R8G8B8,16x16x1) with 4 generated mipmaps from Image. Internal format is PF_A8R8G8B8,16x16x1.
03:14:41: Texture: sdk_mini_text_box.png: Loading 1 faces(PF_A8R8G8B8,32x32x1) with 5 generated mipmaps from Image. Internal format is PF_A8R8G8B8,32x32x1.
03:14:41: Texture: sdk_label.png: Loading 1 faces(PF_A8R8G8B8,32x32x1) with 5 generated mipmaps from Image. Internal format is PF_A8R8G8B8,32x32x1.
03:14:41: Texture: sdk_separator.png: Loading 1 faces(PF_A8R8G8B8,64x16x1) with 5 generated mipmaps from Image. Internal format is PF_A8R8G8B8,64x16x1.
03:14:41: Texture: sdk_logo.png: Loading 1 faces(PF_A8R8G8B8,128x64x1) with 5 generated mipmaps from Image. Internal format is PF_A8R8G8B8,128x64x1.
03:14:41: Texture: sdk_shade.png: Loading 1 faces(PF_A8R8G8B8,64x48x1) with 5 generated mipmaps from Image. Internal format is PF_A8R8G8B8,64x48x1.
03:14:41: Texture: sdk_frame.png: Loading 1 faces(PF_A8R8G8B8,32x32x1) with 5 generated mipmaps from Image. Internal format is PF_A8R8G8B8,32x32x1.
03:14:41: Texture: sdk_mini_text_box_over.png: Loading 1 faces(PF_A8R8G8B8,32x32x1) with 5 generated mipmaps from Image. Internal format is PF_A8R8G8B8,32x32x1.
03:14:41: Texture: sdk_pulse.png: Loading 1 faces(PF_R8G8B8,8x1x1) with 3 generated mipmaps from Image. Internal format is PF_X8R8G8B8,8x1x1.
03:14:41: Finished parsing scripts for resource group Essential
03:14:41: Creating resources for group Essential
03:14:41: All done
03:14:41: Parsing scripts for resource group General
03:14:41: Finished parsing scripts for resource group General
03:14:41: Creating resources for group General
03:14:41: All done
03:14:41: Parsing scripts for resource group Internal
03:14:41: Finished parsing scripts for resource group Internal
03:14:41: Creating resources for group Internal
03:14:41: All done
03:14:41: Parsing scripts for resource group Popular
03:14:41: Parsing script aabs.material
03:14:41: Parsing script Ashtray01.material
03:14:41: Parsing script ExerciseGround.material
03:14:41: Parsing script Glass01.material
03:14:41: Parsing script Jug01.material
03:14:41: Parsing script NPC01.material
03:14:41: Parsing script projectile.material
03:14:41: Parsing script Scene01.material
03:14:41: Parsing script TableSmall01.material
03:14:41: Parsing script TableTall01.material
03:14:41: Parsing script TallChair01.material
03:14:41: Parsing script wall.material
03:14:41: Parsing script MyFont.fontdef
03:14:41: Parsing script sample.fontdef
03:14:41: Finished parsing scripts for resource group Popular
03:14:41: Creating resources for group Popular
03:14:41: All done
03:14:42: Mesh: Loading Scene01.mesh.
03:14:42: Texture: WindowGlass.jpg: Loading 1 faces(PF_R8G8B8,64x64x1) with 5 generated mipmaps from Image. Internal format is PF_X8R8G8B8,64x64x1.
03:14:46: Mesh: Loading ExerciseGround.mesh.
03:14:46: Mesh: Loading Ashtray01.mesh.
03:14:46: Mesh: Loading Jug01.mesh.
03:14:46: Mesh: Loading TableTall01.mesh.
03:14:46: Mesh: Loading TallChair01.mesh.
03:14:46: Mesh: Loading TableSmall01.mesh.
03:14:46: Mesh: Loading NPC01.mesh.
03:14:46: Skeleton: Loading NPC01.skeleton
03:14:46: WARNING: the mesh 'NPC01.mesh' includes vertices with more than 4 bone assignments. The lowest weighted assignments beyond this limit have been removed, so your animation may look slightly different. To eliminate this, reduce the number of bone assignments per vertex on your mesh to 4.
03:14:46: Texture: Cursor.png: Loading 1 faces(PF_A8R8G8B8,16x16x1) with 4 generated mipmaps from Image. Internal format is PF_A8R8G8B8,16x16x1.
03:14:46: Creating resource group OgreBulletCollisions
03:14:46: Texture: spot_shadow_fade.png: Loading 1 faces(PF_R8G8B8,128x128x1) with 5 generated mipmaps from Image. Internal format is PF_X8R8G8B8,128x128x1.
03:14:46: Font MyFont using texture size 512x256
03:14:46: Info: Freetype returned null for character 127 in font MyFont
03:14:46: Info: Freetype returned null for character 128 in font MyFont
03:14:46: Info: Freetype returned null for character 129 in font MyFont
03:14:46: Info: Freetype returned null for character 130 in font MyFont
03:14:46: Info: Freetype returned null for character 131 in font MyFont
03:14:46: Info: Freetype returned null for character 132 in font MyFont
03:14:46: Info: Freetype returned null for character 133 in font MyFont
03:14:46: Info: Freetype returned null for character 134 in font MyFont
03:14:46: Info: Freetype returned null for character 135 in font MyFont
03:14:46: Info: Freetype returned null for character 136 in font MyFont
03:14:46: Info: Freetype returned null for character 137 in font MyFont
03:14:46: Info: Freetype returned null for character 138 in font MyFont
03:14:46: Info: Freetype returned null for character 139 in font MyFont
03:14:46: Info: Freetype returned null for character 140 in font MyFont
03:14:46: Info: Freetype returned null for character 141 in font MyFont
03:14:46: Info: Freetype returned null for character 142 in font MyFont
03:14:46: Info: Freetype returned null for character 143 in font MyFont
03:14:46: Info: Freetype returned null for character 144 in font MyFont
03:14:46: Info: Freetype returned null for character 145 in font MyFont
03:14:46: Info: Freetype returned null for character 146 in font MyFont
03:14:46: Info: Freetype returned null for character 147 in font MyFont
03:14:46: Info: Freetype returned null for character 148 in font MyFont
03:14:46: Info: Freetype returned null for character 149 in font MyFont
03:14:46: Info: Freetype returned null for character 150 in font MyFont
03:14:46: Info: Freetype returned null for character 151 in font MyFont
03:14:46: Info: Freetype returned null for character 152 in font MyFont
03:14:46: Info: Freetype returned null for character 153 in font MyFont
03:14:46: Info: Freetype returned null for character 154 in font MyFont
03:14:46: Info: Freetype returned null for character 155 in font MyFont
03:14:46: Info: Freetype returned null for character 156 in font MyFont
03:14:46: Info: Freetype returned null for character 157 in font MyFont
03:14:46: Info: Freetype returned null for character 158 in font MyFont
03:14:46: Info: Freetype returned null for character 159 in font MyFont
03:14:46: Info: Freetype returned null for character 160 in font MyFont
03:14:46: Texture: MyFontTexture: Loading 1 faces(PF_BYTE_LA,512x256x1) with 0 generated mipmaps from Image. Internal format is PF_BYTE_LA,512x256x1.
